
Collecting usage statistics. To deactivate, set browser.gatherUsageStats to false.


  You can now view your Streamlit app in your browser.

  Local URL: http://localhost:8501
  Network URL: http://192.168.0.2:8501
  External URL: http://34.46.237.233:8501

2026-04-11 10:20:13.839 Please replace `use_container_width` with `width`.

`use_container_width` will be removed after 2025-12-31.

For `use_container_width=True`, use `width='stretch'`. For `use_container_width=False`, use `width='content'`.
2026-04-11 10:20:16.090 Please replace `use_container_width` with `width`.

`use_container_width` will be removed after 2025-12-31.

For `use_container_width=True`, use `width='stretch'`. For `use_container_width=False`, use `width='content'`.
2026-04-11 10:20:18.855 Please replace `use_container_width` with `width`.

`use_container_width` will be removed after 2025-12-31.

For `use_container_width=True`, use `width='stretch'`. For `use_container_width=False`, use `width='content'`.
2026-04-11 10:21:15.118 Please replace `use_container_width` with `width`.

`use_container_width` will be removed after 2025-12-31.

For `use_container_width=True`, use `width='stretch'`. For `use_container_width=False`, use `width='content'`.
2026-04-11 10:21:19.113 Please replace `use_container_width` with `width`.

`use_container_width` will be removed after 2025-12-31.

For `use_container_width=True`, use `width='stretch'`. For `use_container_width=False`, use `width='content'`.
2026-04-11 10:21:21.922 Please replace `use_container_width` with `width`.

`use_container_width` will be removed after 2025-12-31.

For `use_container_width=True`, use `width='stretch'`. For `use_container_width=False`, use `width='content'`.
✅ Configuration chargée via DataManager
❌ Erreur lors de la récupération des données météo: HTTPSConnectionPool(host='api.open-meteo.com', port=443): Read timed out. (read timeout=10)
❌ Échec de la mise à jour de l'historique météo. Utilisation des données en cache.
✅ Configuration chargée via DataManager
✅ Configuration chargée via DataManager
✅ Configuration chargée via DataManager
✅ Configuration chargée via DataManager
✅ Configuration chargée via DataManager
✅ Configuration chargée via DataManager
✅ Configuration chargée via DataManager
✅ Configuration chargée via DataManager
  Stopping...
